<?xml version="1.0" encoding="utf-8"?><testsuites name="pytest tests"><testsuite name="pytest" errors="1" failures="19" skipped="0" tests="42" time="33.071" timestamp="2025-08-06T05:02:31.395312+00:00" hostname="DESKTOP-N5VIQ32"><testcase classname="" name="users.tests.test_serializers" time="0.000"><error message="collection failure">ImportError while importing test module '/home/khalifah/projects/kuranet/users/tests/test_serializers.py'.
Hint: make sure your test modules/packages have valid Python names.
Traceback:
/usr/lib/python3.10/importlib/__init__.py:126: in import_module
    return _bootstrap._gcd_import(name[level:], package, level)
users/tests/test_serializers.py:5: in &lt;module&gt;
    from users.serializers import UserSerializer, RegisterSerializer # Assuming RegisterSerializer exists
E   ImportError: cannot import name 'RegisterSerializer' from 'users.serializers' (/home/khalifah/projects/kuranet/users/serializers.py)</error></testcase><testcase classname="polls.tests.test_serializers.TestVoteSerializer" name="test_deserialization_invalid" time="0.595"><failure message="AssertionError: assert not True&#10; +  where True = is_valid()&#10; +    where is_valid = VoteSerializer(data={}):\n    id = IntegerField(label='ID', read_only=True)\n    user = UserSerializer(read_only=True):\n        id = IntegerField(label='ID', read_only=True)\n        username = CharField(max_length=150, validators=[&lt;UniqueValidator(queryset=User.objects.all())&gt;])\n        email = EmailField(required=True)\n        first_name = CharField(allow_blank=True, max_length=30, required=False)\n        last_name = CharField(allow_blank=True, max_length=30, required=False)\n        password = CharField(max_length=128, write_only=True)\n        is_active = BooleanField(required=False)\n        roles = RoleSerializer(many=True, read_only=True):\n            id = IntegerField(label='ID', read_only=True)\n            name = ChoiceField(choices=[('admin', 'Admin'), ('creator', 'Creator'), ('user', 'User')], validators=[&lt;UniqueValidator(queryset=Role.objects.all())&gt;])\n    voted_at = DateTimeField(read_only=True).is_valid">self = &lt;polls.tests.test_serializers.TestVoteSerializer object at 0x77a162dcfbb0&gt;

    def test_deserialization_invalid(self):
        """Test Vote deserialization with invalid data (missing fields)."""
        data = {}
        serializer = VoteSerializer(data=data)
&gt;       assert not serializer.is_valid()
E       AssertionError: assert not True
E        +  where True = is_valid()
E        +    where is_valid = VoteSerializer(data={}):\n    id = IntegerField(label='ID', read_only=True)\n    user = UserSerializer(read_only=True):\n        id = IntegerField(label='ID', read_only=True)\n        username = CharField(max_length=150, validators=[&lt;UniqueValidator(queryset=User.objects.all())&gt;])\n        email = EmailField(required=True)\n        first_name = CharField(allow_blank=True, max_length=30, required=False)\n        last_name = CharField(allow_blank=True, max_length=30, required=False)\n        password = CharField(max_length=128, write_only=True)\n        is_active = BooleanField(required=False)\n        roles = RoleSerializer(many=True, read_only=True):\n            id = IntegerField(label='ID', read_only=True)\n            name = ChoiceField(choices=[('admin', 'Admin'), ('creator', 'Creator'), ('user', 'User')], validators=[&lt;UniqueValidator(queryset=Role.objects.all())&gt;])\n    voted_at = DateTimeField(read_only=True).is_valid

polls/tests/test_serializers.py:118: AssertionError</failure></testcase><testcase classname="polls.tests.test_models.TestPollModel" name="test_poll_creation" time="4.081"><failure message="AssertionError: assert 'draft' == 'open'&#10;  &#10;  #x1B[0m#x1B[91m- open#x1B[39;49;00m#x1B[90m#x1B[39;49;00m&#10;  #x1B[92m+ draft#x1B[39;49;00m#x1B[90m#x1B[39;49;00m">self = &lt;polls.tests.test_models.TestPollModel object at 0x7b3ff45f00a0&gt;, create_test_user = &lt;User: testuser&gt;

    def test_poll_creation(self, create_test_user):
        """Test basic poll creation."""
        user = create_test_user
        closes_at = timezone.now() + timedelta(days=7)
        poll = Poll.objects.create(
            user=user,
            title="Test Poll",
            description="This is a test poll.",
            closes_at=closes_at
        )
        assert poll.id is not None
        assert poll.user == user
        assert poll.title == "Test Poll"
        assert poll.description == "This is a test poll."
        assert poll.created_at is not None
        assert poll.closes_at == closes_at
&gt;       assert poll.status == "open" # Assuming 'open' is default
E       AssertionError: assert 'draft' == 'open'
E         
E         #x1B[0m#x1B[91m- open#x1B[39;49;00m#x1B[90m#x1B[39;49;00m
E         #x1B[92m+ draft#x1B[39;49;00m#x1B[90m#x1B[39;49;00m

polls/tests/test_models.py:81: AssertionError</failure></testcase><testcase classname="polls.tests.test_models.TestPollOptionModel" name="test_poll_option_creation" time="4.109" /><testcase classname="polls.tests.test_serializers.TestPollSerializer" name="test_serialization" time="3.532"><failure message="TypeError: Vote() got unexpected keyword arguments: 'poll_option'">self = &lt;polls.tests.test_serializers.TestPollSerializer object at 0x77a162dcff10&gt;
create_poll = &lt;Poll: Serializer Test Poll&gt;, create_poll_option = &lt;PollOption: Serializer Option A&gt;
create_another_poll_option = &lt;PollOption: Serializer Option B&gt;, create_test_user = &lt;User: serializer_test_user&gt;

    def test_serialization(self, create_poll, create_poll_option, create_another_poll_option, create_test_user):
        """Test Poll serialization including nested options and votes."""
        # Create a vote for the poll to test votes serialization
&gt;       Vote.objects.create(poll_option=create_poll_option, user=create_test_user)

polls/tests/test_serializers.py:127: 
_ _ _ _ _ _ _ _ _ _ _ _ _ _ _ _ _ _ _ _ _ _ _ _ _ _ _ _ _ _ _ _ _ _ _ _ _ _ _ _ _ _ _ _ _ _ _ _ _ _ _ _ _ _ _ _ _ _ _ 
.venv/lib/python3.10/site-packages/django/db/models/manager.py:87: in manager_method
    return getattr(self.get_queryset(), name)(*args, **kwargs)
.venv/lib/python3.10/site-packages/django/db/models/query.py:661: in create
    obj = self.model(**kwargs)
_ _ _ _ _ _ _ _ _ _ _ _ _ _ _ _ _ _ _ _ _ _ _ _ _ _ _ _ _ _ _ _ _ _ _ _ _ _ _ _ _ _ _ _ _ _ _ _ _ _ _ _ _ _ _ _ _ _ _ 

self = &lt;[RelatedObjectDoesNotExist('Vote has no option.') raised in repr()] Vote object at 0x77a1625c56c0&gt;, args = ()
kwargs = {'poll_option': &lt;PollOption: Serializer Option A&gt;}, cls = &lt;class 'polls.models.Vote'&gt;
opts = &lt;Options for Vote&gt;, _setattr = &lt;built-in function setattr&gt;, _DEFERRED = &lt;Deferred field&gt;
fields_iter = &lt;tuple_iterator object at 0x77a1625c5450&gt;, val = None
field = &lt;django.db.models.fields.DateTimeField: voted_at&gt;, is_related_object = False
rel_obj = &lt;User: serializer_test_user&gt;, property_names = frozenset({'pk'})

    def __init__(self, *args, **kwargs):
        # Alias some things as locals to avoid repeat global lookups
        cls = self.__class__
        opts = self._meta
        _setattr = setattr
        _DEFERRED = DEFERRED
        if opts.abstract:
            raise TypeError("Abstract models cannot be instantiated.")
    
        pre_init.send(sender=cls, args=args, kwargs=kwargs)
    
        # Set up the storage for instance state
        self._state = ModelState()
    
        # There is a rather weird disparity here; if kwargs, it's set, then args
        # overrides it. It should be one or the other; don't duplicate the work
        # The reason for the kwargs check is that standard iterator passes in by
        # args, and instantiation for iteration is 33% faster.
        if len(args) &gt; len(opts.concrete_fields):
            # Daft, but matches old exception sans the err msg.
            raise IndexError("Number of args exceeds number of fields")
    
        if not kwargs:
            fields_iter = iter(opts.concrete_fields)
            # The ordering of the zip calls matter - zip throws StopIteration
            # when an iter throws it. So if the first iter throws it, the second
            # is *not* consumed. We rely on this, so don't change the order
            # without changing the logic.
            for val, field in zip(args, fields_iter):
                if val is _DEFERRED:
                    continue
                _setattr(self, field.attname, val)
        else:
            # Slower, kwargs-ready version.
            fields_iter = iter(opts.fields)
            for val, field in zip(args, fields_iter):
                if val is _DEFERRED:
                    continue
                _setattr(self, field.attname, val)
                if kwargs.pop(field.name, NOT_PROVIDED) is not NOT_PROVIDED:
                    raise TypeError(
                        f"{cls.__qualname__}() got both positional and "
                        f"keyword arguments for field '{field.name}'."
                    )
    
        # Now we're left with the unprocessed fields that *must* come from
        # keywords, or default.
    
        for field in fields_iter:
            is_related_object = False
            # Virtual field
            if field.column is None or field.generated:
                continue
            if kwargs:
                if isinstance(field.remote_field, ForeignObjectRel):
                    try:
                        # Assume object instance was passed in.
                        rel_obj = kwargs.pop(field.name)
                        is_related_object = True
                    except KeyError:
                        try:
                            # Object instance wasn't passed in -- must be an ID.
                            val = kwargs.pop(field.attname)
                        except KeyError:
                            val = field.get_default()
                else:
                    try:
                        val = kwargs.pop(field.attname)
                    except KeyError:
                        # This is done with an exception rather than the
                        # default argument on pop because we don't want
                        # get_default() to be evaluated, and then not used.
                        # Refs #12057.
                        val = field.get_default()
            else:
                val = field.get_default()
    
            if is_related_object:
                # If we are passed a related instance, set it using the
                # field.name instead of field.attname (e.g. "user" instead of
                # "user_id") so that the object gets properly cached (and type
                # checked) by the RelatedObjectDescriptor.
                if rel_obj is not _DEFERRED:
                    _setattr(self, field.name, rel_obj)
            else:
                if val is not _DEFERRED:
                    _setattr(self, field.attname, val)
    
        if kwargs:
            property_names = opts._property_names
            unexpected = ()
            for prop, value in kwargs.items():
                # Any remaining kwargs must correspond to properties or virtual
                # fields.
                if prop in property_names:
                    if value is not _DEFERRED:
                        _setattr(self, prop, value)
                else:
                    try:
                        opts.get_field(prop)
                    except FieldDoesNotExist:
                        unexpected += (prop,)
                    else:
                        if value is not _DEFERRED:
                            _setattr(self, prop, value)
            if unexpected:
                unexpected_names = ", ".join(repr(n) for n in unexpected)
&gt;               raise TypeError(
                    f"{cls.__name__}() got unexpected keyword arguments: "
                    f"{unexpected_names}"
                )
E               TypeError: Vote() got unexpected keyword arguments: 'poll_option'

.venv/lib/python3.10/site-packages/django/db/models/base.py:569: TypeError</failure></testcase><testcase classname="polls.tests.test_models.TestPollModel" name="test_poll_status_closed" time="4.499"><failure message="AssertionError: assert 'draft' == 'closed'&#10;  &#10;  #x1B[0m#x1B[91m- closed#x1B[39;49;00m#x1B[90m#x1B[39;49;00m&#10;  #x1B[92m+ draft#x1B[39;49;00m#x1B[90m#x1B[39;49;00m">self = &lt;polls.tests.test_models.TestPollModel object at 0x73abe0ad8af0&gt;, create_poll = &lt;Poll: Favorite Color&gt;

    def test_poll_status_closed(self, create_poll):
        """Test poll status when it's closed (closes_at in the past)."""
        poll = create_poll
        poll.closes_at = timezone.now() - timedelta(hours=1)
        poll.save()
&gt;       assert poll.status == "closed"
E       AssertionError: assert 'draft' == 'closed'
E         
E         #x1B[0m#x1B[91m- closed#x1B[39;49;00m#x1B[90m#x1B[39;49;00m
E         #x1B[92m+ draft#x1B[39;49;00m#x1B[90m#x1B[39;49;00m

polls/tests/test_models.py:96: AssertionError</failure></testcase><testcase classname="polls.tests.test_serializers.TestPollOptionSerializer" name="test_deserialization_valid" time="4.750" /><testcase classname="polls.tests.test_serializers.TestPollOptionSerializer" name="test_deserialization_invalid" time="0.035" /><testcase classname="polls.tests.test_views.PollViewTests" name="test_list_view" time="4.357"><failure message="TypeError: Poll() got unexpected keyword arguments: 'created_by', 'expires_at'">self = &lt;polls.tests.test_views.PollViewTests testMethod=test_list_view&gt;

    def setUp(self):
        self.user = User.objects.create_user(username="testuser", password="testpass")
&gt;       self.obj = Poll.objects.create(
            title="Test Poll?",
            created_by=self.user,
            expires_at=timezone.now() + timezone.timedelta(days=1),  # required field
        )

polls/tests/test_views.py:14: 
_ _ _ _ _ _ _ _ _ _ _ _ _ _ _ _ _ _ _ _ _ _ _ _ _ _ _ _ _ _ _ _ _ _ _ _ _ _ _ _ _ _ _ _ _ _ _ _ _ _ _ _ _ _ _ _ _ _ _ 
.venv/lib/python3.10/site-packages/django/db/models/manager.py:87: in manager_method
    return getattr(self.get_queryset(), name)(*args, **kwargs)
.venv/lib/python3.10/site-packages/django/db/models/query.py:661: in create
    obj = self.model(**kwargs)
_ _ _ _ _ _ _ _ _ _ _ _ _ _ _ _ _ _ _ _ _ _ _ _ _ _ _ _ _ _ _ _ _ _ _ _ _ _ _ _ _ _ _ _ _ _ _ _ _ _ _ _ _ _ _ _ _ _ _ 

self = &lt;Poll: Test Poll?&gt;, args = ()
kwargs = {'created_by': &lt;User: testuser&gt;, 'expires_at': datetime.datetime(2025, 8, 7, 5, 2, 47, 697050, tzinfo=datetime.timezone.utc)}
cls = &lt;class 'polls.models.Poll'&gt;, opts = &lt;Options for Poll&gt;, _setattr = &lt;built-in function setattr&gt;
_DEFERRED = &lt;Deferred field&gt;, fields_iter = &lt;tuple_iterator object at 0x78f6901b0970&gt;, val = 'draft'
field = &lt;django.db.models.fields.CharField: status&gt;, is_related_object = False, property_names = frozenset({'pk'})

    def __init__(self, *args, **kwargs):
        # Alias some things as locals to avoid repeat global lookups
        cls = self.__class__
        opts = self._meta
        _setattr = setattr
        _DEFERRED = DEFERRED
        if opts.abstract:
            raise TypeError("Abstract models cannot be instantiated.")
    
        pre_init.send(sender=cls, args=args, kwargs=kwargs)
    
        # Set up the storage for instance state
        self._state = ModelState()
    
        # There is a rather weird disparity here; if kwargs, it's set, then args
        # overrides it. It should be one or the other; don't duplicate the work
        # The reason for the kwargs check is that standard iterator passes in by
        # args, and instantiation for iteration is 33% faster.
        if len(args) &gt; len(opts.concrete_fields):
            # Daft, but matches old exception sans the err msg.
            raise IndexError("Number of args exceeds number of fields")
    
        if not kwargs:
            fields_iter = iter(opts.concrete_fields)
            # The ordering of the zip calls matter - zip throws StopIteration
            # when an iter throws it. So if the first iter throws it, the second
            # is *not* consumed. We rely on this, so don't change the order
            # without changing the logic.
            for val, field in zip(args, fields_iter):
                if val is _DEFERRED:
                    continue
                _setattr(self, field.attname, val)
        else:
            # Slower, kwargs-ready version.
            fields_iter = iter(opts.fields)
            for val, field in zip(args, fields_iter):
                if val is _DEFERRED:
                    continue
                _setattr(self, field.attname, val)
                if kwargs.pop(field.name, NOT_PROVIDED) is not NOT_PROVIDED:
                    raise TypeError(
                        f"{cls.__qualname__}() got both positional and "
                        f"keyword arguments for field '{field.name}'."
                    )
    
        # Now we're left with the unprocessed fields that *must* come from
        # keywords, or default.
    
        for field in fields_iter:
            is_related_object = False
            # Virtual field
            if field.column is None or field.generated:
                continue
            if kwargs:
                if isinstance(field.remote_field, ForeignObjectRel):
                    try:
                        # Assume object instance was passed in.
                        rel_obj = kwargs.pop(field.name)
                        is_related_object = True
                    except KeyError:
                        try:
                            # Object instance wasn't passed in -- must be an ID.
                            val = kwargs.pop(field.attname)
                        except KeyError:
                            val = field.get_default()
                else:
                    try:
                        val = kwargs.pop(field.attname)
                    except KeyError:
                        # This is done with an exception rather than the
                        # default argument on pop because we don't want
                        # get_default() to be evaluated, and then not used.
                        # Refs #12057.
                        val = field.get_default()
            else:
                val = field.get_default()
    
            if is_related_object:
                # If we are passed a related instance, set it using the
                # field.name instead of field.attname (e.g. "user" instead of
                # "user_id") so that the object gets properly cached (and type
                # checked) by the RelatedObjectDescriptor.
                if rel_obj is not _DEFERRED:
                    _setattr(self, field.name, rel_obj)
            else:
                if val is not _DEFERRED:
                    _setattr(self, field.attname, val)
    
        if kwargs:
            property_names = opts._property_names
            unexpected = ()
            for prop, value in kwargs.items():
                # Any remaining kwargs must correspond to properties or virtual
                # fields.
                if prop in property_names:
                    if value is not _DEFERRED:
                        _setattr(self, prop, value)
                else:
                    try:
                        opts.get_field(prop)
                    except FieldDoesNotExist:
                        unexpected += (prop,)
                    else:
                        if value is not _DEFERRED:
                            _setattr(self, prop, value)
            if unexpected:
                unexpected_names = ", ".join(repr(n) for n in unexpected)
&gt;               raise TypeError(
                    f"{cls.__name__}() got unexpected keyword arguments: "
                    f"{unexpected_names}"
                )
E               TypeError: Poll() got unexpected keyword arguments: 'created_by', 'expires_at'

.venv/lib/python3.10/site-packages/django/db/models/base.py:569: TypeError</failure></testcase><testcase classname="polls.tests.test_serializers.TestVoteSerializer" name="test_serialization" time="5.811"><failure message="KeyError: 'option'">self = &lt;polls.tests.test_serializers.TestVoteSerializer object at 0x78ad902a3040&gt;
create_vote = &lt;Vote: serializer_test_user -&gt; Serializer Option A&gt;

    def test_serialization(self, create_vote):
        """Test Vote serialization."""
        serializer = VoteSerializer(create_vote)
        data = serializer.data
        assert data['id'] == create_vote.id
        assert data['user']['id'] == create_vote.user.id # Assuming UserSerializer is nested
&gt;       assert data['option'] == create_vote.option.id # Assuming it's just the ID
E       KeyError: 'option'

polls/tests/test_serializers.py:101: KeyError</failure></testcase><testcase classname="polls.tests.test_models.TestVoteModel" name="test_unique_vote_per_user_per_poll" time="6.024" /><testcase classname="polls.tests.test_models.TestVoteModel" name="test_vote_creation" time="6.050" /><testcase classname="polls.tests.test_models.TestPollModel" name="test_poll_status_open" time="2.869"><failure message="AssertionError: assert 'draft' == 'open'&#10;  &#10;  #x1B[0m#x1B[91m- open#x1B[39;49;00m#x1B[90m#x1B[39;49;00m&#10;  #x1B[92m+ draft#x1B[39;49;00m#x1B[90m#x1B[39;49;00m">self = &lt;polls.tests.test_models.TestPollModel object at 0x7b3ff45f0580&gt;, create_poll = &lt;Poll: Favorite Color&gt;

    def test_poll_status_open(self, create_poll):
        """Test poll status when it's open."""
        poll = create_poll
        # Ensure closes_at is in the future
        poll.closes_at = timezone.now() + timedelta(hours=1)
        poll.save()
&gt;       assert poll.status == "open"
E       AssertionError: assert 'draft' == 'open'
E         
E         #x1B[0m#x1B[91m- open#x1B[39;49;00m#x1B[90m#x1B[39;49;00m
E         #x1B[92m+ draft#x1B[39;49;00m#x1B[90m#x1B[39;49;00m

polls/tests/test_models.py:89: AssertionError</failure></testcase><testcase classname="polls.tests.test_models.TestPollOptionModel" name="test_poll_option_str_representation" time="2.899"><failure message="AssertionError: assert 'Blue' == 'Favorite Color - Blue'&#10;  &#10;  #x1B[0m#x1B[91m- Favorite Color - Blue#x1B[39;49;00m#x1B[90m#x1B[39;49;00m&#10;  #x1B[92m+ Blue#x1B[39;49;00m#x1B[90m#x1B[39;49;00m">self = &lt;polls.tests.test_models.TestPollOptionModel object at 0x7e32bddc5d20&gt;, create_poll_option = &lt;PollOption: Blue&gt;

    def test_poll_option_str_representation(self, create_poll_option):
        """Test the string representation of a poll option."""
        option = create_poll_option
&gt;       assert str(option) == f"{option.poll.title} - {option.text}"
E       AssertionError: assert 'Blue' == 'Favorite Color - Blue'
E         
E         #x1B[0m#x1B[91m- Favorite Color - Blue#x1B[39;49;00m#x1B[90m#x1B[39;49;00m
E         #x1B[92m+ Blue#x1B[39;49;00m#x1B[90m#x1B[39;49;00m

polls/tests/test_models.py:119: AssertionError</failure></testcase><testcase classname="polls.tests.test_serializers.TestPollSerializer" name="test_deserialization_invalid_missing_title" time="0.015" /><testcase classname="users.tests.test_models.TestUserModel" name="test_superuser_creation" time="5.862" /><testcase classname="polls.tests.test_serializers.TestPollSerializer" name="test_deserialization_invalid_past_closes_at" time="0.039"><failure message="AssertionError: assert not True&#10; +  where True = is_valid()&#10; +    where is_valid = PollSerializer(data={'title': 'Invalid Poll', 'description': 'Closes in the past.', 'closes_at': '2025-08-05T05:02:45.529487+00:00', 'options': [{'text': 'A'}]}):\n    id = IntegerField(label='ID', read_only=True)\n    user = UserSerializer(read_only=True):\n        id = IntegerField(label='ID', read_only=True)\n        username = CharField(max_length=150, validators=[&lt;UniqueValidator(queryset=User.objects.all())&gt;])\n        email = EmailField(required=True)\n        first_name = CharField(allow_blank=True, max_length=30, required=False)\n        last_name = CharField(allow_blank=True, max_length=30, required=False)\n        password = CharField(max_length=128, write_only=True)\n        is_active = BooleanField(required=False)\n        roles = RoleSerializer(many=True, read_only=True):\n            id = IntegerField(label='ID', read_only=True)\n            name = ChoiceField(choices=[('admin', 'Admin'), ('creator', 'Creator'), ('user', 'User')], validators=[&lt;UniqueValidator(queryset=Role.objects.all())&gt;])\n    title = CharField(max_length=255)\n    description = CharField(allow_blank=True, required=False, style={'base_template': 'textarea.html'})\n    created_at = DateTimeField(read_only=True)\n...\n    options = PollOptionSerializer(many=True):\n        id = IntegerField(label='ID', read_only=True)\n        text = CharField(max_length=255)\n        vote_count = SerializerMethodField(read_only=True)\n    votes = VoteSerializer(many=True, read_only=True):\n        id = IntegerField(label='ID', read_only=True)\n        user = UserSerializer(read_only=True):\n            id = IntegerField(label='ID', read_only=True)\n            username = CharField(max_length=150, validators=[&lt;UniqueValidator(queryset=User.objects.all())&gt;])\n            email = EmailField(required=True)\n            first_name = CharField(allow_blank=True, max_length=30, required=False)\n            last_name = CharField(allow_blank=True, max_length=30, required=False)\n            password = CharField(max_length=128, write_only=True)\n            is_active = BooleanField(required=False)\n            roles = RoleSerializer(many=True, read_only=True):\n                id = IntegerField(label='ID', read_only=True)\n                name = ChoiceField(choices=[('admin', 'Admin'), ('creator', 'Creator'), ('user', 'User')], validators=[&lt;UniqueValidator(queryset=Role.objects.all())&gt;])\n        voted_at = DateTimeField(read_only=True).is_valid">self = &lt;polls.tests.test_serializers.TestPollSerializer object at 0x7e32bd1fcfa0&gt;

    def test_deserialization_invalid_past_closes_at(self):
        """Test Poll deserialization with closes_at in the past."""
        data = {
            'title': 'Invalid Poll',
            'description': 'Closes in the past.',
            'closes_at': (timezone.now() - timedelta(days=1)).isoformat(),
            'options': [{'text': 'A'}]
        }
        serializer = PollSerializer(data=data)
&gt;       assert not serializer.is_valid()
E       AssertionError: assert not True
E        +  where True = is_valid()
E        +    where is_valid = PollSerializer(data={'title': 'Invalid Poll', 'description': 'Closes in the past.', 'closes_at': '2025-08-05T05:02:45.529487+00:00', 'options': [{'text': 'A'}]}):\n    id = IntegerField(label='ID', read_only=True)\n    user = UserSerializer(read_only=True):\n        id = IntegerField(label='ID', read_only=True)\n        username = CharField(max_length=150, validators=[&lt;UniqueValidator(queryset=User.objects.all())&gt;])\n        email = EmailField(required=True)\n        first_name = CharField(allow_blank=True, max_length=30, required=False)\n        last_name = CharField(allow_blank=True, max_length=30, required=False)\n        password = CharField(max_length=128, write_only=True)\n        is_active = BooleanField(required=False)\n        roles = RoleSerializer(many=True, read_only=True):\n            id = IntegerField(label='ID', read_only=True)\n            name = ChoiceField(choices=[('admin', 'Admin'), ('creator', 'Creator'), ('user', 'User')], validators=[&lt;UniqueValidator(queryset=Role.objects.all())&gt;])\n    title = CharField(max_length=255)\n    description = CharField(allow_blank=True, required=False, style={'base_template': 'textarea.html'})\n    created_at = DateTimeField(read_only=True)\n...\n    options = PollOptionSerializer(many=True):\n        id = IntegerField(label='ID', read_only=True)\n        text = CharField(max_length=255)\n        vote_count = SerializerMethodField(read_only=True)\n    votes = VoteSerializer(many=True, read_only=True):\n        id = IntegerField(label='ID', read_only=True)\n        user = UserSerializer(read_only=True):\n            id = IntegerField(label='ID', read_only=True)\n            username = CharField(max_length=150, validators=[&lt;UniqueValidator(queryset=User.objects.all())&gt;])\n            email = EmailField(required=True)\n            first_name = CharField(allow_blank=True, max_length=30, required=False)\n            last_name = CharField(allow_blank=True, max_length=30, required=False)\n            password = CharField(max_length=128, write_only=True)\n            is_active = BooleanField(required=False)\n            roles = RoleSerializer(many=True, read_only=True):\n                id = IntegerField(label='ID', read_only=True)\n                name = ChoiceField(choices=[('admin', 'Admin'), ('creator', 'Creator'), ('user', 'User')], validators=[&lt;UniqueValidator(queryset=Role.objects.all())&gt;])\n        voted_at = DateTimeField(read_only=True).is_valid

polls/tests/test_serializers.py:200: AssertionError</failure></testcase><testcase classname="users.tests.test_models.TestUserModel" name="test_unique_email" time="5.989"><failure message="Failed: DID NOT RAISE &lt;class 'Exception'&gt;">self = &lt;test_models.TestUserModel object at 0x7e32bcd11b10&gt;

    def test_unique_email(self):
        """Test that email addresses are unique."""
        User.objects.create_user(
            username="user1",
            email="unique@example.com",
            password="password1"
        )
&gt;       with pytest.raises(Exception): # IntegrityError or ValidationError
E       Failed: DID NOT RAISE &lt;class 'Exception'&gt;

users/tests/test_models.py:52: Failed</failure></testcase><testcase classname="polls.tests.test_models.TestPollModel" name="test_poll_str_representation" time="2.839" /><testcase classname="polls.tests.test_serializers.TestPollSerializer" name="test_deserialization_valid_create_with_options" time="2.855" /><testcase classname="tests.integration_tests" name="test_user_registration" time="0.035"><failure message="requests.exceptions.ConnectionError: HTTPConnectionPool(host='localhost', port=8000): Max retries exceeded with url: /api/v1/auth/register/ (Caused by NewConnectionError('&lt;urllib3.connection.HTTPConnection object at 0x77a1629d9300&gt;: Failed to establish a new connection: [Errno 111] Connection refused'))">self = &lt;urllib3.connection.HTTPConnection object at 0x77a1629d9300&gt;

    def _new_conn(self) -&gt; socket.socket:
        """Establish a socket connection and set nodelay settings on it.
    
        :return: New socket connection.
        """
        try:
&gt;           sock = connection.create_connection(
                (self._dns_host, self.port),
                self.timeout,
                source_address=self.source_address,
                socket_options=self.socket_options,
            )

.venv/lib/python3.10/site-packages/urllib3/connection.py:198: 
_ _ _ _ _ _ _ _ _ _ _ _ _ _ _ _ _ _ _ _ _ _ _ _ _ _ _ _ _ _ _ _ _ _ _ _ _ _ _ _ _ _ _ _ _ _ _ _ _ _ _ _ _ _ _ _ _ _ _ 
.venv/lib/python3.10/site-packages/urllib3/util/connection.py:85: in create_connection
    raise err
_ _ _ _ _ _ _ _ _ _ _ _ _ _ _ _ _ _ _ _ _ _ _ _ _ _ _ _ _ _ _ _ _ _ _ _ _ _ _ _ _ _ _ _ _ _ _ _ _ _ _ _ _ _ _ _ _ _ _ 

address = ('localhost', 8000), timeout = None, source_address = None, socket_options = [(6, 1, 1)]

    def create_connection(
        address: tuple[str, int],
        timeout: _TYPE_TIMEOUT = _DEFAULT_TIMEOUT,
        source_address: tuple[str, int] | None = None,
        socket_options: _TYPE_SOCKET_OPTIONS | None = None,
    ) -&gt; socket.socket:
        """Connect to *address* and return the socket object.
    
        Convenience function.  Connect to *address* (a 2-tuple ``(host,
        port)``) and return the socket object.  Passing the optional
        *timeout* parameter will set the timeout on the socket instance
        before attempting to connect.  If no *timeout* is supplied, the
        global default timeout setting returned by :func:`socket.getdefaulttimeout`
        is used.  If *source_address* is set it must be a tuple of (host, port)
        for the socket to bind as a source address before making the connection.
        An host of '' or port 0 tells the OS to use the default.
        """
    
        host, port = address
        if host.startswith("["):
            host = host.strip("[]")
        err = None
    
        # Using the value from allowed_gai_family() in the context of getaddrinfo lets
        # us select whether to work with IPv4 DNS records, IPv6 records, or both.
        # The original create_connection function always returns all records.
        family = allowed_gai_family()
    
        try:
            host.encode("idna")
        except UnicodeError:
            raise LocationParseError(f"'{host}', label empty or too long") from None
    
        for res in socket.getaddrinfo(host, port, family, socket.SOCK_STREAM):
            af, socktype, proto, canonname, sa = res
            sock = None
            try:
                sock = socket.socket(af, socktype, proto)
    
                # If provided, set socket level options before connecting.
                _set_socket_options(sock, socket_options)
    
                if timeout is not _DEFAULT_TIMEOUT:
                    sock.settimeout(timeout)
                if source_address:
                    sock.bind(source_address)
&gt;               sock.connect(sa)
E               ConnectionRefusedError: [Errno 111] Connection refused

.venv/lib/python3.10/site-packages/urllib3/util/connection.py:73: ConnectionRefusedError

The above exception was the direct cause of the following exception:

self = &lt;urllib3.connectionpool.HTTPConnectionPool object at 0x77a1629d8790&gt;, method = 'POST'
url = '/api/v1/auth/register/'
body = b'{"username": "testuser_91a572aa-48d3-4038-8c11-520505fb612e", "email": "testf83f681d@kuranet.com", "password": "TestPass123!"}'
headers = {'User-Agent': 'python-requests/2.32.4', 'Accept-Encoding': 'gzip, deflate', 'Accept': '*/*', 'Connection': 'keep-alive', 'Content-Length': '126', 'Content-Type': 'application/json'}
retries = Retry(total=0, connect=None, read=False, redirect=None, status=None), redirect = False
assert_same_host = False, timeout = Timeout(connect=None, read=None, total=None), pool_timeout = None
release_conn = False, chunked = False, body_pos = None, preload_content = False, decode_content = False
response_kw = {}
parsed_url = Url(scheme=None, auth=None, host=None, port=None, path='/api/v1/auth/register/', query=None, fragment=None)
destination_scheme = None, conn = None, release_this_conn = True, http_tunnel_required = False, err = None
clean_exit = False

    def urlopen(  # type: ignore[override]
        self,
        method: str,
        url: str,
        body: _TYPE_BODY | None = None,
        headers: typing.Mapping[str, str] | None = None,
        retries: Retry | bool | int | None = None,
        redirect: bool = True,
        assert_same_host: bool = True,
        timeout: _TYPE_TIMEOUT = _DEFAULT_TIMEOUT,
        pool_timeout: int | None = None,
        release_conn: bool | None = None,
        chunked: bool = False,
        body_pos: _TYPE_BODY_POSITION | None = None,
        preload_content: bool = True,
        decode_content: bool = True,
        **response_kw: typing.Any,
    ) -&gt; BaseHTTPResponse:
        """
        Get a connection from the pool and perform an HTTP request. This is the
        lowest level call for making a request, so you'll need to specify all
        the raw details.
    
        .. note::
    
           More commonly, it's appropriate to use a convenience method
           such as :meth:`request`.
    
        .. note::
    
           `release_conn` will only behave as expected if
           `preload_content=False` because we want to make
           `preload_content=False` the default behaviour someday soon without
           breaking backwards compatibility.
    
        :param method:
            HTTP request method (such as GET, POST, PUT, etc.)
    
        :param url:
            The URL to perform the request on.
    
        :param body:
            Data to send in the request body, either :class:`str`, :class:`bytes`,
            an iterable of :class:`str`/:class:`bytes`, or a file-like object.
    
        :param headers:
            Dictionary of custom headers to send, such as User-Agent,
            If-None-Match, etc. If None, pool headers are used. If provided,
            these headers completely replace any pool-specific headers.
    
        :param retries:
            Configure the number of retries to allow before raising a
            :class:`~urllib3.exceptions.MaxRetryError` exception.
    
            If ``None`` (default) will retry 3 times, see ``Retry.DEFAULT``. Pass a
            :class:`~urllib3.util.retry.Retry` object for fine-grained control
            over different types of retries.
            Pass an integer number to retry connection errors that many times,
            but no other types of errors. Pass zero to never retry.
    
            If ``False``, then retries are disabled and any exception is raised
            immediately. Also, instead of raising a MaxRetryError on redirects,
            the redirect response will be returned.
    
        :type retries: :class:`~urllib3.util.retry.Retry`, False, or an int.
    
        :param redirect:
            If True, automatically handle redirects (status codes 301, 302,
            303, 307, 308). Each redirect counts as a retry. Disabling retries
            will disable redirect, too.
    
        :param assert_same_host:
            If ``True``, will make sure that the host of the pool requests is
            consistent else will raise HostChangedError. When ``False``, you can
            use the pool on an HTTP proxy and request foreign hosts.
    
        :param timeout:
            If specified, overrides the default timeout for this one
            request. It may be a float (in seconds) or an instance of
            :class:`urllib3.util.Timeout`.
    
        :param pool_timeout:
            If set and the pool is set to block=True, then this method will
            block for ``pool_timeout`` seconds and raise EmptyPoolError if no
            connection is available within the time period.
    
        :param bool preload_content:
            If True, the response's body will be preloaded into memory.
    
        :param bool decode_content:
            If True, will attempt to decode the body based on the
            'content-encoding' header.
    
        :param release_conn:
            If False, then the urlopen call will not release the connection
            back into the pool once a response is received (but will release if
            you read the entire contents of the response such as when
            `preload_content=True`). This is useful if you're not preloading
            the response's content immediately. You will need to call
            ``r.release_conn()`` on the response ``r`` to return the connection
            back into the pool. If None, it takes the value of ``preload_content``
            which defaults to ``True``.
    
        :param bool chunked:
            If True, urllib3 will send the body using chunked transfer
            encoding. Otherwise, urllib3 will send the body using the standard
            content-length form. Defaults to False.
    
        :param int body_pos:
            Position to seek to in file-like body in the event of a retry or
            redirect. Typically this won't need to be set because urllib3 will
            auto-populate the value when needed.
        """
        parsed_url = parse_url(url)
        destination_scheme = parsed_url.scheme
    
        if headers is None:
            headers = self.headers
    
        if not isinstance(retries, Retry):
            retries = Retry.from_int(retries, redirect=redirect, default=self.retries)
    
        if release_conn is None:
            release_conn = preload_content
    
        # Check host
        if assert_same_host and not self.is_same_host(url):
            raise HostChangedError(self, url, retries)
    
        # Ensure that the URL we're connecting to is properly encoded
        if url.startswith("/"):
            url = to_str(_encode_target(url))
        else:
            url = to_str(parsed_url.url)
    
        conn = None
    
        # Track whether `conn` needs to be released before
        # returning/raising/recursing. Update this variable if necessary, and
        # leave `release_conn` constant throughout the function. That way, if
        # the function recurses, the original value of `release_conn` will be
        # passed down into the recursive call, and its value will be respected.
        #
        # See issue #651 [1] for details.
        #
        # [1] &lt;https://github.com/urllib3/urllib3/issues/651&gt;
        release_this_conn = release_conn
    
        http_tunnel_required = connection_requires_http_tunnel(
            self.proxy, self.proxy_config, destination_scheme
        )
    
        # Merge the proxy headers. Only done when not using HTTP CONNECT. We
        # have to copy the headers dict so we can safely change it without those
        # changes being reflected in anyone else's copy.
        if not http_tunnel_required:
            headers = headers.copy()  # type: ignore[attr-defined]
            headers.update(self.proxy_headers)  # type: ignore[union-attr]
    
        # Must keep the exception bound to a separate variable or else Python 3
        # complains about UnboundLocalError.
        err = None
    
        # Keep track of whether we cleanly exited the except block. This
        # ensures we do proper cleanup in finally.
        clean_exit = False
    
        # Rewind body position, if needed. Record current position
        # for future rewinds in the event of a redirect/retry.
        body_pos = set_file_position(body, body_pos)
    
        try:
            # Request a connection from the queue.
            timeout_obj = self._get_timeout(timeout)
            conn = self._get_conn(timeout=pool_timeout)
    
            conn.timeout = timeout_obj.connect_timeout  # type: ignore[assignment]
    
            # Is this a closed/new connection that requires CONNECT tunnelling?
            if self.proxy is not None and http_tunnel_required and conn.is_closed:
                try:
                    self._prepare_proxy(conn)
                except (BaseSSLError, OSError, SocketTimeout) as e:
                    self._raise_timeout(
                        err=e, url=self.proxy.url, timeout_value=conn.timeout
                    )
                    raise
    
            # If we're going to release the connection in ``finally:``, then
            # the response doesn't need to know about the connection. Otherwise
            # it will also try to release it and we'll have a double-release
            # mess.
            response_conn = conn if not release_conn else None
    
            # Make the request on the HTTPConnection object
&gt;           response = self._make_request(
                conn,
                method,
                url,
                timeout=timeout_obj,
                body=body,
                headers=headers,
                chunked=chunked,
                retries=retries,
                response_conn=response_conn,
                preload_content=preload_content,
                decode_content=decode_content,
                **response_kw,
            )

.venv/lib/python3.10/site-packages/urllib3/connectionpool.py:787: 
_ _ _ _ _ _ _ _ _ _ _ _ _ _ _ _ _ _ _ _ _ _ _ _ _ _ _ _ _ _ _ _ _ _ _ _ _ _ _ _ _ _ _ _ _ _ _ _ _ _ _ _ _ _ _ _ _ _ _ 
.venv/lib/python3.10/site-packages/urllib3/connectionpool.py:493: in _make_request
    conn.request(
.venv/lib/python3.10/site-packages/urllib3/connection.py:494: in request
    self.endheaders()
/usr/lib/python3.10/http/client.py:1278: in endheaders
    self._send_output(message_body, encode_chunked=encode_chunked)
/usr/lib/python3.10/http/client.py:1038: in _send_output
    self.send(msg)
/usr/lib/python3.10/http/client.py:976: in send
    self.connect()
.venv/lib/python3.10/site-packages/urllib3/connection.py:325: in connect
    self.sock = self._new_conn()
_ _ _ _ _ _ _ _ _ _ _ _ _ _ _ _ _ _ _ _ _ _ _ _ _ _ _ _ _ _ _ _ _ _ _ _ _ _ _ _ _ _ _ _ _ _ _ _ _ _ _ _ _ _ _ _ _ _ _ 

self = &lt;urllib3.connection.HTTPConnection object at 0x77a1629d9300&gt;

    def _new_conn(self) -&gt; socket.socket:
        """Establish a socket connection and set nodelay settings on it.
    
        :return: New socket connection.
        """
        try:
            sock = connection.create_connection(
                (self._dns_host, self.port),
                self.timeout,
                source_address=self.source_address,
                socket_options=self.socket_options,
            )
        except socket.gaierror as e:
            raise NameResolutionError(self.host, self, e) from e
        except SocketTimeout as e:
            raise ConnectTimeoutError(
                self,
                f"Connection to {self.host} timed out. (connect timeout={self.timeout})",
            ) from e
    
        except OSError as e:
&gt;           raise NewConnectionError(
                self, f"Failed to establish a new connection: {e}"
            ) from e
E           urllib3.exceptions.NewConnectionError: &lt;urllib3.connection.HTTPConnection object at 0x77a1629d9300&gt;: Failed to establish a new connection: [Errno 111] Connection refused

.venv/lib/python3.10/site-packages/urllib3/connection.py:213: NewConnectionError

The above exception was the direct cause of the following exception:

self = &lt;requests.adapters.HTTPAdapter object at 0x77a1629d97e0&gt;, request = &lt;PreparedRequest [POST]&gt;, stream = False
timeout = Timeout(connect=None, read=None, total=None), verify = True, cert = None, proxies = OrderedDict()

    def send(
        self, request, stream=False, timeout=None, verify=True, cert=None, proxies=None
    ):
        """Sends PreparedRequest object. Returns Response object.
    
        :param request: The :class:`PreparedRequest &lt;PreparedRequest&gt;` being sent.
        :param stream: (optional) Whether to stream the request content.
        :param timeout: (optional) How long to wait for the server to send
            data before giving up, as a float, or a :ref:`(connect timeout,
            read timeout) &lt;timeouts&gt;` tuple.
        :type timeout: float or tuple or urllib3 Timeout object
        :param verify: (optional) Either a boolean, in which case it controls whether
            we verify the server's TLS certificate, or a string, in which case it
            must be a path to a CA bundle to use
        :param cert: (optional) Any user-provided SSL certificate to be trusted.
        :param proxies: (optional) The proxies dictionary to apply to the request.
        :rtype: requests.Response
        """
    
        try:
            conn = self.get_connection_with_tls_context(
                request, verify, proxies=proxies, cert=cert
            )
        except LocationValueError as e:
            raise InvalidURL(e, request=request)
    
        self.cert_verify(conn, request.url, verify, cert)
        url = self.request_url(request, proxies)
        self.add_headers(
            request,
            stream=stream,
            timeout=timeout,
            verify=verify,
            cert=cert,
            proxies=proxies,
        )
    
        chunked = not (request.body is None or "Content-Length" in request.headers)
    
        if isinstance(timeout, tuple):
            try:
                connect, read = timeout
                timeout = TimeoutSauce(connect=connect, read=read)
            except ValueError:
                raise ValueError(
                    f"Invalid timeout {timeout}. Pass a (connect, read) timeout tuple, "
                    f"or a single float to set both timeouts to the same value."
                )
        elif isinstance(timeout, TimeoutSauce):
            pass
        else:
            timeout = TimeoutSauce(connect=timeout, read=timeout)
    
        try:
&gt;           resp = conn.urlopen(
                method=request.method,
                url=url,
                body=request.body,
                headers=request.headers,
                redirect=False,
                assert_same_host=False,
                preload_content=False,
                decode_content=False,
                retries=self.max_retries,
                timeout=timeout,
                chunked=chunked,
            )

.venv/lib/python3.10/site-packages/requests/adapters.py:667: 
_ _ _ _ _ _ _ _ _ _ _ _ _ _ _ _ _ _ _ _ _ _ _ _ _ _ _ _ _ _ _ _ _ _ _ _ _ _ _ _ _ _ _ _ _ _ _ _ _ _ _ _ _ _ _ _ _ _ _ 
.venv/lib/python3.10/site-packages/urllib3/connectionpool.py:841: in urlopen
    retries = retries.increment(
_ _ _ _ _ _ _ _ _ _ _ _ _ _ _ _ _ _ _ _ _ _ _ _ _ _ _ _ _ _ _ _ _ _ _ _ _ _ _ _ _ _ _ _ _ _ _ _ _ _ _ _ _ _ _ _ _ _ _ 

self = Retry(total=0, connect=None, read=False, redirect=None, status=None), method = 'POST'
url = '/api/v1/auth/register/', response = None
error = NewConnectionError('&lt;urllib3.connection.HTTPConnection object at 0x77a1629d9300&gt;: Failed to establish a new connection: [Errno 111] Connection refused')
_pool = &lt;urllib3.connectionpool.HTTPConnectionPool object at 0x77a1629d8790&gt;
_stacktrace = &lt;traceback object at 0x77a1629d51c0&gt;

    def increment(
        self,
        method: str | None = None,
        url: str | None = None,
        response: BaseHTTPResponse | None = None,
        error: Exception | None = None,
        _pool: ConnectionPool | None = None,
        _stacktrace: TracebackType | None = None,
    ) -&gt; Self:
        """Return a new Retry object with incremented retry counters.
    
        :param response: A response object, or None, if the server did not
            return a response.
        :type response: :class:`~urllib3.response.BaseHTTPResponse`
        :param Exception error: An error encountered during the request, or
            None if the response was received successfully.
    
        :return: A new ``Retry`` object.
        """
        if self.total is False and error:
            # Disabled, indicate to re-raise the error.
            raise reraise(type(error), error, _stacktrace)
    
        total = self.total
        if total is not None:
            total -= 1
    
        connect = self.connect
        read = self.read
        redirect = self.redirect
        status_count = self.status
        other = self.other
        cause = "unknown"
        status = None
        redirect_location = None
    
        if error and self._is_connection_error(error):
            # Connect retry?
            if connect is False:
                raise reraise(type(error), error, _stacktrace)
            elif connect is not None:
                connect -= 1
    
        elif error and self._is_read_error(error):
            # Read retry?
            if read is False or method is None or not self._is_method_retryable(method):
                raise reraise(type(error), error, _stacktrace)
            elif read is not None:
                read -= 1
    
        elif error:
            # Other retry?
            if other is not None:
                other -= 1
    
        elif response and response.get_redirect_location():
            # Redirect retry?
            if redirect is not None:
                redirect -= 1
            cause = "too many redirects"
            response_redirect_location = response.get_redirect_location()
            if response_redirect_location:
                redirect_location = response_redirect_location
            status = response.status
    
        else:
            # Incrementing because of a server error like a 500 in
            # status_forcelist and the given method is in the allowed_methods
            cause = ResponseError.GENERIC_ERROR
            if response and response.status:
                if status_count is not None:
                    status_count -= 1
                cause = ResponseError.SPECIFIC_ERROR.format(status_code=response.status)
                status = response.status
    
        history = self.history + (
            RequestHistory(method, url, error, status, redirect_location),
        )
    
        new_retry = self.new(
            total=total,
            connect=connect,
            read=read,
            redirect=redirect,
            status=status_count,
            other=other,
            history=history,
        )
    
        if new_retry.is_exhausted():
            reason = error or ResponseError(cause)
&gt;           raise MaxRetryError(_pool, url, reason) from reason  # type: ignore[arg-type]
E           urllib3.exceptions.MaxRetryError: HTTPConnectionPool(host='localhost', port=8000): Max retries exceeded with url: /api/v1/auth/register/ (Caused by NewConnectionError('&lt;urllib3.connection.HTTPConnection object at 0x77a1629d9300&gt;: Failed to establish a new connection: [Errno 111] Connection refused'))

.venv/lib/python3.10/site-packages/urllib3/util/retry.py:519: MaxRetryError

During handling of the above exception, another exception occurred:

test_user = {'email': 'testf83f681d@kuranet.com', 'password': 'TestPass123!', 'username': 'testuser_91a572aa-48d3-4038-8c11-520505fb612e'}

    def test_user_registration(test_user):
        """Test user registration endpoint"""
        # Test successful registration
        url = f"{BASE_URL}{API_PREFIX}auth/register/"
&gt;       response = requests.post(url, json=test_user)

tests/integration_tests.py:26: 
_ _ _ _ _ _ _ _ _ _ _ _ _ _ _ _ _ _ _ _ _ _ _ _ _ _ _ _ _ _ _ _ _ _ _ _ _ _ _ _ _ _ _ _ _ _ _ _ _ _ _ _ _ _ _ _ _ _ _ 
.venv/lib/python3.10/site-packages/requests/api.py:115: in post
    return request("post", url, data=data, json=json, **kwargs)
.venv/lib/python3.10/site-packages/requests/api.py:59: in request
    return session.request(method=method, url=url, **kwargs)
.venv/lib/python3.10/site-packages/requests/sessions.py:589: in request
    resp = self.send(prep, **send_kwargs)
.venv/lib/python3.10/site-packages/requests/sessions.py:703: in send
    r = adapter.send(request, **kwargs)
_ _ _ _ _ _ _ _ _ _ _ _ _ _ _ _ _ _ _ _ _ _ _ _ _ _ _ _ _ _ _ _ _ _ _ _ _ _ _ _ _ _ _ _ _ _ _ _ _ _ _ _ _ _ _ _ _ _ _ 

self = &lt;requests.adapters.HTTPAdapter object at 0x77a1629d97e0&gt;, request = &lt;PreparedRequest [POST]&gt;, stream = False
timeout = Timeout(connect=None, read=None, total=None), verify = True, cert = None, proxies = OrderedDict()

    def send(
        self, request, stream=False, timeout=None, verify=True, cert=None, proxies=None
    ):
        """Sends PreparedRequest object. Returns Response object.
    
        :param request: The :class:`PreparedRequest &lt;PreparedRequest&gt;` being sent.
        :param stream: (optional) Whether to stream the request content.
        :param timeout: (optional) How long to wait for the server to send
            data before giving up, as a float, or a :ref:`(connect timeout,
            read timeout) &lt;timeouts&gt;` tuple.
        :type timeout: float or tuple or urllib3 Timeout object
        :param verify: (optional) Either a boolean, in which case it controls whether
            we verify the server's TLS certificate, or a string, in which case it
            must be a path to a CA bundle to use
        :param cert: (optional) Any user-provided SSL certificate to be trusted.
        :param proxies: (optional) The proxies dictionary to apply to the request.
        :rtype: requests.Response
        """
    
        try:
            conn = self.get_connection_with_tls_context(
                request, verify, proxies=proxies, cert=cert
            )
        except LocationValueError as e:
            raise InvalidURL(e, request=request)
    
        self.cert_verify(conn, request.url, verify, cert)
        url = self.request_url(request, proxies)
        self.add_headers(
            request,
            stream=stream,
            timeout=timeout,
            verify=verify,
            cert=cert,
            proxies=proxies,
        )
    
        chunked = not (request.body is None or "Content-Length" in request.headers)
    
        if isinstance(timeout, tuple):
            try:
                connect, read = timeout
                timeout = TimeoutSauce(connect=connect, read=read)
            except ValueError:
                raise ValueError(
                    f"Invalid timeout {timeout}. Pass a (connect, read) timeout tuple, "
                    f"or a single float to set both timeouts to the same value."
                )
        elif isinstance(timeout, TimeoutSauce):
            pass
        else:
            timeout = TimeoutSauce(connect=timeout, read=timeout)
    
        try:
            resp = conn.urlopen(
                method=request.method,
                url=url,
                body=request.body,
                headers=request.headers,
                redirect=False,
                assert_same_host=False,
                preload_content=False,
                decode_content=False,
                retries=self.max_retries,
                timeout=timeout,
                chunked=chunked,
            )
    
        except (ProtocolError, OSError) as err:
            raise ConnectionError(err, request=request)
    
        except MaxRetryError as e:
            if isinstance(e.reason, ConnectTimeoutError):
                # TODO: Remove this in 3.0.0: see #2811
                if not isinstance(e.reason, NewConnectionError):
                    raise ConnectTimeout(e, request=request)
    
            if isinstance(e.reason, ResponseError):
                raise RetryError(e, request=request)
    
            if isinstance(e.reason, _ProxyError):
                raise ProxyError(e, request=request)
    
            if isinstance(e.reason, _SSLError):
                # This branch is for urllib3 v1.22 and later.
                raise SSLError(e, request=request)
    
&gt;           raise ConnectionError(e, request=request)
E           requests.exceptions.ConnectionError: HTTPConnectionPool(host='localhost', port=8000): Max retries exceeded with url: /api/v1/auth/register/ (Caused by NewConnectionError('&lt;urllib3.connection.HTTPConnection object at 0x77a1629d9300&gt;: Failed to establish a new connection: [Errno 111] Connection refused'))

.venv/lib/python3.10/site-packages/requests/adapters.py:700: ConnectionError</failure></testcase><testcase classname="users.tests.test_views.TestUserViewSet" name="test_list_users_unauthenticated" time="0.234" /><testcase classname="tests.integration_tests" name="test_protected_endpoints" time="0.017"><failure message="requests.exceptions.ConnectionError: HTTPConnectionPool(host='localhost', port=8000): Max retries exceeded with url: /api/v1/auth/register/ (Caused by NewConnectionError('&lt;urllib3.connection.HTTPConnection object at 0x78f6909ea950&gt;: Failed to establish a new connection: [Errno 111] Connection refused'))">self = &lt;urllib3.connection.HTTPConnection object at 0x78f6909ea950&gt;

    def _new_conn(self) -&gt; socket.socket:
        """Establish a socket connection and set nodelay settings on it.
    
        :return: New socket connection.
        """
        try:
&gt;           sock = connection.create_connection(
                (self._dns_host, self.port),
                self.timeout,
                source_address=self.source_address,
                socket_options=self.socket_options,
            )

.venv/lib/python3.10/site-packages/urllib3/connection.py:198: 
_ _ _ _ _ _ _ _ _ _ _ _ _ _ _ _ _ _ _ _ _ _ _ _ _ _ _ _ _ _ _ _ _ _ _ _ _ _ _ _ _ _ _ _ _ _ _ _ _ _ _ _ _ _ _ _ _ _ _ 
.venv/lib/python3.10/site-packages/urllib3/util/connection.py:85: in create_connection
    raise err
_ _ _ _ _ _ _ _ _ _ _ _ _ _ _ _ _ _ _ _ _ _ _ _ _ _ _ _ _ _ _ _ _ _ _ _ _ _ _ _ _ _ _ _ _ _ _ _ _ _ _ _ _ _ _ _ _ _ _ 

address = ('localhost', 8000), timeout = None, source_address = None, socket_options = [(6, 1, 1)]

    def create_connection(
        address: tuple[str, int],
        timeout: _TYPE_TIMEOUT = _DEFAULT_TIMEOUT,
        source_address: tuple[str, int] | None = None,
        socket_options: _TYPE_SOCKET_OPTIONS | None = None,
    ) -&gt; socket.socket:
        """Connect to *address* and return the socket object.
    
        Convenience function.  Connect to *address* (a 2-tuple ``(host,
        port)``) and return the socket object.  Passing the optional
        *timeout* parameter will set the timeout on the socket instance
        before attempting to connect.  If no *timeout* is supplied, the
        global default timeout setting returned by :func:`socket.getdefaulttimeout`
        is used.  If *source_address* is set it must be a tuple of (host, port)
        for the socket to bind as a source address before making the connection.
        An host of '' or port 0 tells the OS to use the default.
        """
    
        host, port = address
        if host.startswith("["):
            host = host.strip("[]")
        err = None
    
        # Using the value from allowed_gai_family() in the context of getaddrinfo lets
        # us select whether to work with IPv4 DNS records, IPv6 records, or both.
        # The original create_connection function always returns all records.
        family = allowed_gai_family()
    
        try:
            host.encode("idna")
        except UnicodeError:
            raise LocationParseError(f"'{host}', label empty or too long") from None
    
        for res in socket.getaddrinfo(host, port, family, socket.SOCK_STREAM):
            af, socktype, proto, canonname, sa = res
            sock = None
            try:
                sock = socket.socket(af, socktype, proto)
    
                # If provided, set socket level options before connecting.
                _set_socket_options(sock, socket_options)
    
                if timeout is not _DEFAULT_TIMEOUT:
                    sock.settimeout(timeout)
                if source_address:
                    sock.bind(source_address)
&gt;               sock.connect(sa)
E               ConnectionRefusedError: [Errno 111] Connection refused

.venv/lib/python3.10/site-packages/urllib3/util/connection.py:73: ConnectionRefusedError

The above exception was the direct cause of the following exception:

self = &lt;urllib3.connectionpool.HTTPConnectionPool object at 0x78f690da7d00&gt;, method = 'POST'
url = '/api/v1/auth/register/'
body = b'{"username": "testuser_5429f015-9721-46d7-947a-a5d7e6f45eed", "email": "testc166daa4@kuranet.com", "password": "TestPass123!"}'
headers = {'User-Agent': 'python-requests/2.32.4', 'Accept-Encoding': 'gzip, deflate', 'Accept': '*/*', 'Connection': 'keep-alive', 'Content-Length': '126', 'Content-Type': 'application/json'}
retries = Retry(total=0, connect=None, read=False, redirect=None, status=None), redirect = False
assert_same_host = False, timeout = Timeout(connect=None, read=None, total=None), pool_timeout = None
release_conn = False, chunked = False, body_pos = None, preload_content = False, decode_content = False
response_kw = {}
parsed_url = Url(scheme=None, auth=None, host=None, port=None, path='/api/v1/auth/register/', query=None, fragment=None)
destination_scheme = None, conn = None, release_this_conn = True, http_tunnel_required = False, err = None
clean_exit = False

    def urlopen(  # type: ignore[override]
        self,
        method: str,
        url: str,
        body: _TYPE_BODY | None = None,
        headers: typing.Mapping[str, str] | None = None,
        retries: Retry | bool | int | None = None,
        redirect: bool = True,
        assert_same_host: bool = True,
        timeout: _TYPE_TIMEOUT = _DEFAULT_TIMEOUT,
        pool_timeout: int | None = None,
        release_conn: bool | None = None,
        chunked: bool = False,
        body_pos: _TYPE_BODY_POSITION | None = None,
        preload_content: bool = True,
        decode_content: bool = True,
        **response_kw: typing.Any,
    ) -&gt; BaseHTTPResponse:
        """
        Get a connection from the pool and perform an HTTP request. This is the
        lowest level call for making a request, so you'll need to specify all
        the raw details.
    
        .. note::
    
           More commonly, it's appropriate to use a convenience method
           such as :meth:`request`.
    
        .. note::
    
           `release_conn` will only behave as expected if
           `preload_content=False` because we want to make
           `preload_content=False` the default behaviour someday soon without
           breaking backwards compatibility.
    
        :param method:
            HTTP request method (such as GET, POST, PUT, etc.)
    
        :param url:
            The URL to perform the request on.
    
        :param body:
            Data to send in the request body, either :class:`str`, :class:`bytes`,
            an iterable of :class:`str`/:class:`bytes`, or a file-like object.
    
        :param headers:
            Dictionary of custom headers to send, such as User-Agent,
            If-None-Match, etc. If None, pool headers are used. If provided,
            these headers completely replace any pool-specific headers.
    
        :param retries:
            Configure the number of retries to allow before raising a
            :class:`~urllib3.exceptions.MaxRetryError` exception.
    
            If ``None`` (default) will retry 3 times, see ``Retry.DEFAULT``. Pass a
            :class:`~urllib3.util.retry.Retry` object for fine-grained control
            over different types of retries.
            Pass an integer number to retry connection errors that many times,
            but no other types of errors. Pass zero to never retry.
    
            If ``False``, then retries are disabled and any exception is raised
            immediately. Also, instead of raising a MaxRetryError on redirects,
            the redirect response will be returned.
    
        :type retries: :class:`~urllib3.util.retry.Retry`, False, or an int.
    
        :param redirect:
            If True, automatically handle redirects (status codes 301, 302,
            303, 307, 308). Each redirect counts as a retry. Disabling retries
            will disable redirect, too.
    
        :param assert_same_host:
            If ``True``, will make sure that the host of the pool requests is
            consistent else will raise HostChangedError. When ``False``, you can
            use the pool on an HTTP proxy and request foreign hosts.
    
        :param timeout:
            If specified, overrides the default timeout for this one
            request. It may be a float (in seconds) or an instance of
            :class:`urllib3.util.Timeout`.
    
        :param pool_timeout:
            If set and the pool is set to block=True, then this method will
            block for ``pool_timeout`` seconds and raise EmptyPoolError if no
            connection is available within the time period.
    
        :param bool preload_content:
            If True, the response's body will be preloaded into memory.
    
        :param bool decode_content:
            If True, will attempt to decode the body based on the
            'content-encoding' header.
    
        :param release_conn:
            If False, then the urlopen call will not release the connection
            back into the pool once a response is received (but will release if
            you read the entire contents of the response such as when
            `preload_content=True`). This is useful if you're not preloading
            the response's content immediately. You will need to call
            ``r.release_conn()`` on the response ``r`` to return the connection
            back into the pool. If None, it takes the value of ``preload_content``
            which defaults to ``True``.
    
        :param bool chunked:
            If True, urllib3 will send the body using chunked transfer
            encoding. Otherwise, urllib3 will send the body using the standard
            content-length form. Defaults to False.
    
        :param int body_pos:
            Position to seek to in file-like body in the event of a retry or
            redirect. Typically this won't need to be set because urllib3 will
            auto-populate the value when needed.
        """
        parsed_url = parse_url(url)
        destination_scheme = parsed_url.scheme
    
        if headers is None:
            headers = self.headers
    
        if not isinstance(retries, Retry):
            retries = Retry.from_int(retries, redirect=redirect, default=self.retries)
    
        if release_conn is None:
            release_conn = preload_content
    
        # Check host
        if assert_same_host and not self.is_same_host(url):
            raise HostChangedError(self, url, retries)
    
        # Ensure that the URL we're connecting to is properly encoded
        if url.startswith("/"):
            url = to_str(_encode_target(url))
        else:
            url = to_str(parsed_url.url)
    
        conn = None
    
        # Track whether `conn` needs to be released before
        # returning/raising/recursing. Update this variable if necessary, and
        # leave `release_conn` constant throughout the function. That way, if
        # the function recurses, the original value of `release_conn` will be
        # passed down into the recursive call, and its value will be respected.
        #
        # See issue #651 [1] for details.
        #
        # [1] &lt;https://github.com/urllib3/urllib3/issues/651&gt;
        release_this_conn = release_conn
    
        http_tunnel_required = connection_requires_http_tunnel(
            self.proxy, self.proxy_config, destination_scheme
        )
    
        # Merge the proxy headers. Only done when not using HTTP CONNECT. We
        # have to copy the headers dict so we can safely change it without those
        # changes being reflected in anyone else's copy.
        if not http_tunnel_required:
            headers = headers.copy()  # type: ignore[attr-defined]
            headers.update(self.proxy_headers)  # type: ignore[union-attr]
    
        # Must keep the exception bound to a separate variable or else Python 3
        # complains about UnboundLocalError.
        err = None
    
        # Keep track of whether we cleanly exited the except block. This
        # ensures we do proper cleanup in finally.
        clean_exit = False
    
        # Rewind body position, if needed. Record current position
        # for future rewinds in the event of a redirect/retry.
        body_pos = set_file_position(body, body_pos)
    
        try:
            # Request a connection from the queue.
            timeout_obj = self._get_timeout(timeout)
            conn = self._get_conn(timeout=pool_timeout)
    
            conn.timeout = timeout_obj.connect_timeout  # type: ignore[assignment]
    
            # Is this a closed/new connection that requires CONNECT tunnelling?
            if self.proxy is not None and http_tunnel_required and conn.is_closed:
                try:
                    self._prepare_proxy(conn)
                except (BaseSSLError, OSError, SocketTimeout) as e:
                    self._raise_timeout(
                        err=e, url=self.proxy.url, timeout_value=conn.timeout
                    )
                    raise
    
            # If we're going to release the connection in ``finally:``, then
            # the response doesn't need to know about the connection. Otherwise
            # it will also try to release it and we'll have a double-release
            # mess.
            response_conn = conn if not release_conn else None
    
            # Make the request on the HTTPConnection object
&gt;           response = self._make_request(
                conn,
                method,
                url,
                timeout=timeout_obj,
                body=body,
                headers=headers,
                chunked=chunked,
                retries=retries,
                response_conn=response_conn,
                preload_content=preload_content,
                decode_content=decode_content,
                **response_kw,
            )

.venv/lib/python3.10/site-packages/urllib3/connectionpool.py:787: 
_ _ _ _ _ _ _ _ _ _ _ _ _ _ _ _ _ _ _ _ _ _ _ _ _ _ _ _ _ _ _ _ _ _ _ _ _ _ _ _ _ _ _ _ _ _ _ _ _ _ _ _ _ _ _ _ _ _ _ 
.venv/lib/python3.10/site-packages/urllib3/connectionpool.py:493: in _make_request
    conn.request(
.venv/lib/python3.10/site-packages/urllib3/connection.py:494: in request
    self.endheaders()
/usr/lib/python3.10/http/client.py:1278: in endheaders
    self._send_output(message_body, encode_chunked=encode_chunked)
/usr/lib/python3.10/http/client.py:1038: in _send_output
    self.send(msg)
/usr/lib/python3.10/http/client.py:976: in send
    self.connect()
.venv/lib/python3.10/site-packages/urllib3/connection.py:325: in connect
    self.sock = self._new_conn()
_ _ _ _ _ _ _ _ _ _ _ _ _ _ _ _ _ _ _ _ _ _ _ _ _ _ _ _ _ _ _ _ _ _ _ _ _ _ _ _ _ _ _ _ _ _ _ _ _ _ _ _ _ _ _ _ _ _ _ 

self = &lt;urllib3.connection.HTTPConnection object at 0x78f6909ea950&gt;

    def _new_conn(self) -&gt; socket.socket:
        """Establish a socket connection and set nodelay settings on it.
    
        :return: New socket connection.
        """
        try:
            sock = connection.create_connection(
                (self._dns_host, self.port),
                self.timeout,
                source_address=self.source_address,
                socket_options=self.socket_options,
            )
        except socket.gaierror as e:
            raise NameResolutionError(self.host, self, e) from e
        except SocketTimeout as e:
            raise ConnectTimeoutError(
                self,
                f"Connection to {self.host} timed out. (connect timeout={self.timeout})",
            ) from e
    
        except OSError as e:
&gt;           raise NewConnectionError(
                self, f"Failed to establish a new connection: {e}"
            ) from e
E           urllib3.exceptions.NewConnectionError: &lt;urllib3.connection.HTTPConnection object at 0x78f6909ea950&gt;: Failed to establish a new connection: [Errno 111] Connection refused

.venv/lib/python3.10/site-packages/urllib3/connection.py:213: NewConnectionError

The above exception was the direct cause of the following exception:

self = &lt;requests.adapters.HTTPAdapter object at 0x78f6909fe0b0&gt;, request = &lt;PreparedRequest [POST]&gt;, stream = False
timeout = Timeout(connect=None, read=None, total=None), verify = True, cert = None, proxies = OrderedDict()

    def send(
        self, request, stream=False, timeout=None, verify=True, cert=None, proxies=None
    ):
        """Sends PreparedRequest object. Returns Response object.
    
        :param request: The :class:`PreparedRequest &lt;PreparedRequest&gt;` being sent.
        :param stream: (optional) Whether to stream the request content.
        :param timeout: (optional) How long to wait for the server to send
            data before giving up, as a float, or a :ref:`(connect timeout,
            read timeout) &lt;timeouts&gt;` tuple.
        :type timeout: float or tuple or urllib3 Timeout object
        :param verify: (optional) Either a boolean, in which case it controls whether
            we verify the server's TLS certificate, or a string, in which case it
            must be a path to a CA bundle to use
        :param cert: (optional) Any user-provided SSL certificate to be trusted.
        :param proxies: (optional) The proxies dictionary to apply to the request.
        :rtype: requests.Response
        """
    
        try:
            conn = self.get_connection_with_tls_context(
                request, verify, proxies=proxies, cert=cert
            )
        except LocationValueError as e:
            raise InvalidURL(e, request=request)
    
        self.cert_verify(conn, request.url, verify, cert)
        url = self.request_url(request, proxies)
        self.add_headers(
            request,
            stream=stream,
            timeout=timeout,
            verify=verify,
            cert=cert,
            proxies=proxies,
        )
    
        chunked = not (request.body is None or "Content-Length" in request.headers)
    
        if isinstance(timeout, tuple):
            try:
                connect, read = timeout
                timeout = TimeoutSauce(connect=connect, read=read)
            except ValueError:
                raise ValueError(
                    f"Invalid timeout {timeout}. Pass a (connect, read) timeout tuple, "
                    f"or a single float to set both timeouts to the same value."
                )
        elif isinstance(timeout, TimeoutSauce):
            pass
        else:
            timeout = TimeoutSauce(connect=timeout, read=timeout)
    
        try:
&gt;           resp = conn.urlopen(
                method=request.method,
                url=url,
                body=request.body,
                headers=request.headers,
                redirect=False,
                assert_same_host=False,
                preload_content=False,
                decode_content=False,
                retries=self.max_retries,
                timeout=timeout,
                chunked=chunked,
            )

.venv/lib/python3.10/site-packages/requests/adapters.py:667: 
_ _ _ _ _ _ _ _ _ _ _ _ _ _ _ _ _ _ _ _ _ _ _ _ _ _ _ _ _ _ _ _ _ _ _ _ _ _ _ _ _ _ _ _ _ _ _ _ _ _ _ _ _ _ _ _ _ _ _ 
.venv/lib/python3.10/site-packages/urllib3/connectionpool.py:841: in urlopen
    retries = retries.increment(
_ _ _ _ _ _ _ _ _ _ _ _ _ _ _ _ _ _ _ _ _ _ _ _ _ _ _ _ _ _ _ _ _ _ _ _ _ _ _ _ _ _ _ _ _ _ _ _ _ _ _ _ _ _ _ _ _ _ _ 

self = Retry(total=0, connect=None, read=False, redirect=None, status=None), method = 'POST'
url = '/api/v1/auth/register/', response = None
error = NewConnectionError('&lt;urllib3.connection.HTTPConnection object at 0x78f6909ea950&gt;: Failed to establish a new connection: [Errno 111] Connection refused')
_pool = &lt;urllib3.connectionpool.HTTPConnectionPool object at 0x78f690da7d00&gt;
_stacktrace = &lt;traceback object at 0x78f6920942c0&gt;

    def increment(
        self,
        method: str | None = None,
        url: str | None = None,
        response: BaseHTTPResponse | None = None,
        error: Exception | None = None,
        _pool: ConnectionPool | None = None,
        _stacktrace: TracebackType | None = None,
    ) -&gt; Self:
        """Return a new Retry object with incremented retry counters.
    
        :param response: A response object, or None, if the server did not
            return a response.
        :type response: :class:`~urllib3.response.BaseHTTPResponse`
        :param Exception error: An error encountered during the request, or
            None if the response was received successfully.
    
        :return: A new ``Retry`` object.
        """
        if self.total is False and error:
            # Disabled, indicate to re-raise the error.
            raise reraise(type(error), error, _stacktrace)
    
        total = self.total
        if total is not None:
            total -= 1
    
        connect = self.connect
        read = self.read
        redirect = self.redirect
        status_count = self.status
        other = self.other
        cause = "unknown"
[...]
                f"Connection to {self.host} timed out. (connect timeout={self.timeout})",
            ) from e
    
        except OSError as e:
&gt;           raise NewConnectionError(
                self, f"Failed to establish a new connection: {e}"
            ) from e
E           urllib3.exceptions.NewConnectionError: &lt;urllib3.connection.HTTPConnection object at 0x78ad8bfde9e0&gt;: Failed to establish a new connection: [Errno 111] Connection refused

.venv/lib/python3.10/site-packages/urllib3/connection.py:213: NewConnectionError

The above exception was the direct cause of the following exception:

self = &lt;requests.adapters.HTTPAdapter object at 0x78ad8bfdf400&gt;, request = &lt;PreparedRequest [POST]&gt;, stream = False
timeout = Timeout(connect=None, read=None, total=None), verify = True, cert = None, proxies = OrderedDict()

    def send(
        self, request, stream=False, timeout=None, verify=True, cert=None, proxies=None
    ):
        """Sends PreparedRequest object. Returns Response object.
    
        :param request: The :class:`PreparedRequest &lt;PreparedRequest&gt;` being sent.
        :param stream: (optional) Whether to stream the request content.
        :param timeout: (optional) How long to wait for the server to send
            data before giving up, as a float, or a :ref:`(connect timeout,
            read timeout) &lt;timeouts&gt;` tuple.
        :type timeout: float or tuple or urllib3 Timeout object
        :param verify: (optional) Either a boolean, in which case it controls whether
            we verify the server's TLS certificate, or a string, in which case it
            must be a path to a CA bundle to use
        :param cert: (optional) Any user-provided SSL certificate to be trusted.
        :param proxies: (optional) The proxies dictionary to apply to the request.
        :rtype: requests.Response
        """
    
        try:
            conn = self.get_connection_with_tls_context(
                request, verify, proxies=proxies, cert=cert
            )
        except LocationValueError as e:
            raise InvalidURL(e, request=request)
    
        self.cert_verify(conn, request.url, verify, cert)
        url = self.request_url(request, proxies)
        self.add_headers(
            request,
            stream=stream,
            timeout=timeout,
            verify=verify,
            cert=cert,
            proxies=proxies,
        )
    
        chunked = not (request.body is None or "Content-Length" in request.headers)
    
        if isinstance(timeout, tuple):
            try:
                connect, read = timeout
                timeout = TimeoutSauce(connect=connect, read=read)
            except ValueError:
                raise ValueError(
                    f"Invalid timeout {timeout}. Pass a (connect, read) timeout tuple, "
                    f"or a single float to set both timeouts to the same value."
                )
        elif isinstance(timeout, TimeoutSauce):
            pass
        else:
            timeout = TimeoutSauce(connect=timeout, read=timeout)
    
        try:
&gt;           resp = conn.urlopen(
                method=request.method,
                url=url,
                body=request.body,
                headers=request.headers,
                redirect=False,
                assert_same_host=False,
                preload_content=False,
                decode_content=False,
                retries=self.max_retries,
                timeout=timeout,
                chunked=chunked,
            )

.venv/lib/python3.10/site-packages/requests/adapters.py:667: 
_ _ _ _ _ _ _ _ _ _ _ _ _ _ _ _ _ _ _ _ _ _ _ _ _ _ _ _ _ _ _ _ _ _ _ _ _ _ _ _ _ _ _ _ _ _ _ _ _ _ _ _ _ _ _ _ _ _ _ 
.venv/lib/python3.10/site-packages/urllib3/connectionpool.py:841: in urlopen
    retries = retries.increment(
_ _ _ _ _ _ _ _ _ _ _ _ _ _ _ _ _ _ _ _ _ _ _ _ _ _ _ _ _ _ _ _ _ _ _ _ _ _ _ _ _ _ _ _ _ _ _ _ _ _ _ _ _ _ _ _ _ _ _ 

self = Retry(total=0, connect=None, read=False, redirect=None, status=None), method = 'POST'
url = '/api/v1/auth/register/', response = None
error = NewConnectionError('&lt;urllib3.connection.HTTPConnection object at 0x78ad8bfde9e0&gt;: Failed to establish a new connection: [Errno 111] Connection refused')
_pool = &lt;urllib3.connectionpool.HTTPConnectionPool object at 0x78ad8bfde8f0&gt;
_stacktrace = &lt;traceback object at 0x78ad8bffb140&gt;

    def increment(
        self,
        method: str | None = None,
        url: str | None = None,
        response: BaseHTTPResponse | None = None,
        error: Exception | None = None,
        _pool: ConnectionPool | None = None,
        _stacktrace: TracebackType | None = None,
    ) -&gt; Self:
        """Return a new Retry object with incremented retry counters.
    
        :param response: A response object, or None, if the server did not
            return a response.
        :type response: :class:`~urllib3.response.BaseHTTPResponse`
        :param Exception error: An error encountered during the request, or
            None if the response was received successfully.
    
        :return: A new ``Retry`` object.
        """
        if self.total is False and error:
            # Disabled, indicate to re-raise the error.
            raise reraise(type(error), error, _stacktrace)
    
        total = self.total
        if total is not None:
            total -= 1
    
        connect = self.connect
        read = self.read
        redirect = self.redirect
        status_count = self.status
        other = self.other
        cause = "unknown"
        status = None
        redirect_location = None
    
        if error and self._is_connection_error(error):
            # Connect retry?
            if connect is False:
                raise reraise(type(error), error, _stacktrace)
            elif connect is not None:
                connect -= 1
    
        elif error and self._is_read_error(error):
            # Read retry?
            if read is False or method is None or not self._is_method_retryable(method):
                raise reraise(type(error), error, _stacktrace)
            elif read is not None:
                read -= 1
    
        elif error:
            # Other retry?
            if other is not None:
                other -= 1
    
        elif response and response.get_redirect_location():
            # Redirect retry?
            if redirect is not None:
                redirect -= 1
            cause = "too many redirects"
            response_redirect_location = response.get_redirect_location()
            if response_redirect_location:
                redirect_location = response_redirect_location
            status = response.status
    
        else:
            # Incrementing because of a server error like a 500 in
            # status_forcelist and the given method is in the allowed_methods
            cause = ResponseError.GENERIC_ERROR
            if response and response.status:
                if status_count is not None:
                    status_count -= 1
                cause = ResponseError.SPECIFIC_ERROR.format(status_code=response.status)
                status = response.status
    
        history = self.history + (
            RequestHistory(method, url, error, status, redirect_location),
        )
    
        new_retry = self.new(
            total=total,
            connect=connect,
            read=read,
            redirect=redirect,
            status=status_count,
            other=other,
            history=history,
        )
    
        if new_retry.is_exhausted():
            reason = error or ResponseError(cause)
&gt;           raise MaxRetryError(_pool, url, reason) from reason  # type: ignore[arg-type]
E           urllib3.exceptions.MaxRetryError: HTTPConnectionPool(host='localhost', port=8000): Max retries exceeded with url: /api/v1/auth/register/ (Caused by NewConnectionError('&lt;urllib3.connection.HTTPConnection object at 0x78ad8bfde9e0&gt;: Failed to establish a new connection: [Errno 111] Connection refused'))

.venv/lib/python3.10/site-packages/urllib3/util/retry.py:519: MaxRetryError

During handling of the above exception, another exception occurred:

    def test_invalid_registration():
        """Test registration with invalid data"""
        url = f"{BASE_URL}{API_PREFIX}auth/register/"
    
        # Missing required field
&gt;       response = requests.post(
            url,
            json={
                "username": "testuser",
                "password": "testpass",
                # Missing email
            },
        )

tests/integration_tests.py:82: 
_ _ _ _ _ _ _ _ _ _ _ _ _ _ _ _ _ _ _ _ _ _ _ _ _ _ _ _ _ _ _ _ _ _ _ _ _ _ _ _ _ _ _ _ _ _ _ _ _ _ _ _ _ _ _ _ _ _ _ 
.venv/lib/python3.10/site-packages/requests/api.py:115: in post
    return request("post", url, data=data, json=json, **kwargs)
.venv/lib/python3.10/site-packages/requests/api.py:59: in request
    return session.request(method=method, url=url, **kwargs)
.venv/lib/python3.10/site-packages/requests/sessions.py:589: in request
    resp = self.send(prep, **send_kwargs)
.venv/lib/python3.10/site-packages/requests/sessions.py:703: in send
    r = adapter.send(request, **kwargs)
_ _ _ _ _ _ _ _ _ _ _ _ _ _ _ _ _ _ _ _ _ _ _ _ _ _ _ _ _ _ _ _ _ _ _ _ _ _ _ _ _ _ _ _ _ _ _ _ _ _ _ _ _ _ _ _ _ _ _ 

self = &lt;requests.adapters.HTTPAdapter object at 0x78ad8bfdf400&gt;, request = &lt;PreparedRequest [POST]&gt;, stream = False
timeout = Timeout(connect=None, read=None, total=None), verify = True, cert = None, proxies = OrderedDict()

    def send(
        self, request, stream=False, timeout=None, verify=True, cert=None, proxies=None
    ):
        """Sends PreparedRequest object. Returns Response object.
    
        :param request: The :class:`PreparedRequest &lt;PreparedRequest&gt;` being sent.
        :param stream: (optional) Whether to stream the request content.
        :param timeout: (optional) How long to wait for the server to send
            data before giving up, as a float, or a :ref:`(connect timeout,
            read timeout) &lt;timeouts&gt;` tuple.
        :type timeout: float or tuple or urllib3 Timeout object
        :param verify: (optional) Either a boolean, in which case it controls whether
            we verify the server's TLS certificate, or a string, in which case it
            must be a path to a CA bundle to use
        :param cert: (optional) Any user-provided SSL certificate to be trusted.
        :param proxies: (optional) The proxies dictionary to apply to the request.
        :rtype: requests.Response
        """
    
        try:
            conn = self.get_connection_with_tls_context(
                request, verify, proxies=proxies, cert=cert
            )
        except LocationValueError as e:
            raise InvalidURL(e, request=request)
    
        self.cert_verify(conn, request.url, verify, cert)
        url = self.request_url(request, proxies)
        self.add_headers(
            request,
            stream=stream,
            timeout=timeout,
            verify=verify,
            cert=cert,
            proxies=proxies,
        )
    
        chunked = not (request.body is None or "Content-Length" in request.headers)
    
        if isinstance(timeout, tuple):
            try:
                connect, read = timeout
                timeout = TimeoutSauce(connect=connect, read=read)
            except ValueError:
                raise ValueError(
                    f"Invalid timeout {timeout}. Pass a (connect, read) timeout tuple, "
                    f"or a single float to set both timeouts to the same value."
                )
        elif isinstance(timeout, TimeoutSauce):
            pass
        else:
            timeout = TimeoutSauce(connect=timeout, read=timeout)
    
        try:
            resp = conn.urlopen(
                method=request.method,
                url=url,
                body=request.body,
                headers=request.headers,
                redirect=False,
                assert_same_host=False,
                preload_content=False,
                decode_content=False,
                retries=self.max_retries,
                timeout=timeout,
                chunked=chunked,
            )
    
        except (ProtocolError, OSError) as err:
            raise ConnectionError(err, request=request)
    
        except MaxRetryError as e:
            if isinstance(e.reason, ConnectTimeoutError):
                # TODO: Remove this in 3.0.0: see #2811
                if not isinstance(e.reason, NewConnectionError):
                    raise ConnectTimeout(e, request=request)
    
            if isinstance(e.reason, ResponseError):
                raise RetryError(e, request=request)
    
            if isinstance(e.reason, _ProxyError):
                raise ProxyError(e, request=request)
    
            if isinstance(e.reason, _SSLError):
                # This branch is for urllib3 v1.22 and later.
                raise SSLError(e, request=request)
    
&gt;           raise ConnectionError(e, request=request)
E           requests.exceptions.ConnectionError: HTTPConnectionPool(host='localhost', port=8000): Max retries exceeded with url: /api/v1/auth/register/ (Caused by NewConnectionError('&lt;urllib3.connection.HTTPConnection object at 0x78ad8bfde9e0&gt;: Failed to establish a new connection: [Errno 111] Connection refused'))

.venv/lib/python3.10/site-packages/requests/adapters.py:700: ConnectionError</failure></testcase><testcase classname="polls.tests.test_serializers.TestPollSerializer" name="test_update_poll" time="2.887" /><testcase classname="users.tests.test_models.TestUserModel" name="test_user_str_representation" time="3.080" /><testcase classname="users.tests.test_views.TestUserViewSet" name="test_retrieve_user_authenticated" time="4.006" /><testcase classname="users.tests.test_models.TestUserModel" name="test_unique_username" time="5.888" /><testcase classname="users.tests.test_views.TestUserViewSet" name="test_retrieve_user_unauthenticated" time="3.328"><failure message="assert 403 == 401&#10; +  where 403 = &lt;Response status_code=403, &quot;application/json&quot;&gt;.status_code&#10; +  and   401 = status.HTTP_401_UNAUTHORIZED">self = &lt;test_views.TestUserViewSet object at 0x78f690df68f0&gt;
api_client = &lt;rest_framework.test.APIClient object at 0x78f69099b790&gt;, create_test_user = &lt;User: view_user_test&gt;

    def test_retrieve_user_unauthenticated(self, api_client, create_test_user):
        """Test retrieving a user profile as an unauthenticated user (should fail)."""
        response = api_client.get(f'/api/v1/users/{create_test_user.id}/')
&gt;       assert response.status_code == status.HTTP_401_UNAUTHORIZED
E       assert 403 == 401
E        +  where 403 = &lt;Response status_code=403, "application/json"&gt;.status_code
E        +  and   401 = status.HTTP_401_UNAUTHORIZED

users/tests/test_views.py:86: AssertionError</failure></testcase><testcase classname="polls.tests.test_models.TestVoteModel" name="test_vote_str_representation" time="8.501"><failure message="AssertionError: assert 'anotheruser -&gt; Blue' == 'Vote by anotheruser on Blue'&#10;  &#10;  #x1B[0m#x1B[91m- Vote by anotheruser on Blue#x1B[39;49;00m#x1B[90m#x1B[39;49;00m&#10;  #x1B[92m+ anotheruser -&gt; Blue#x1B[39;49;00m#x1B[90m#x1B[39;49;00m">self = &lt;polls.tests.test_models.TestVoteModel object at 0x7a77ddb06ad0&gt;, create_vote = &lt;Vote: anotheruser -&gt; Blue&gt;

    def test_vote_str_representation(self, create_vote):
        """Test the string representation of a vote."""
        vote = create_vote
&gt;       assert str(vote) == f"Vote by {vote.user.username} on {vote.option.text}"
E       AssertionError: assert 'anotheruser -&gt; Blue' == 'Vote by anotheruser on Blue'
E         
E         #x1B[0m#x1B[91m- Vote by anotheruser on Blue#x1B[39;49;00m#x1B[90m#x1B[39;49;00m
E         #x1B[92m+ anotheruser -&gt; Blue#x1B[39;49;00m#x1B[90m#x1B[39;49;00m

polls/tests/test_models.py:139: AssertionError</failure></testcase><testcase classname="users.tests.test_models.TestUserModel" name="test_user_creation" time="6.726" /><testcase classname="users.tests.test_views.TestUserViewSet" name="test_list_users_authenticated" time="6.600"><failure message="assert 403 == 200&#10; +  where 403 = &lt;Response status_code=403, &quot;application/json&quot;&gt;.status_code&#10; +  and   200 = status.HTTP_200_OK">self = &lt;test_views.TestUserViewSet object at 0x73abdbf33be0&gt;
authenticated_client = &lt;rest_framework.test.APIClient object at 0x73abdb3157e0&gt;
create_another_user = &lt;User: another_view_user_test&gt;

    def test_list_users_authenticated(self, authenticated_client, create_another_user):
        """Test listing users as an authenticated user."""
        response = authenticated_client.get('/api/v1/users/')
&gt;       assert response.status_code == status.HTTP_200_OK
E       assert 403 == 200
E        +  where 403 = &lt;Response status_code=403, "application/json"&gt;.status_code
E        +  and   200 = status.HTTP_200_OK

users/tests/test_views.py:60: AssertionError</failure></testcase><testcase classname="users.tests.test_views.TestUserViewSet" name="test_update_user_self" time="5.508" /><testcase classname="users.tests.test_views.TestUserViewSet" name="test_delete_user_self" time="3.218"><failure message="assert 403 == 204&#10; +  where 403 = &lt;Response status_code=403, &quot;application/json&quot;&gt;.status_code&#10; +  and   204 = status.HTTP_204_NO_CONTENT">self = &lt;test_views.TestUserViewSet object at 0x78f690df4ee0&gt;
authenticated_client = &lt;rest_framework.test.APIClient object at 0x78f68bb59b10&gt;
create_test_user = &lt;User: view_user_test&gt;

    def test_delete_user_self(self, authenticated_client, create_test_user):
        """Test deleting own user account."""
        response = authenticated_client.delete(f'/api/v1/users/{create_test_user.id}/')
&gt;       assert response.status_code == status.HTTP_204_NO_CONTENT
E       assert 403 == 204
E        +  where 403 = &lt;Response status_code=403, "application/json"&gt;.status_code
E        +  and   204 = status.HTTP_204_NO_CONTENT

users/tests/test_views.py:115: AssertionError</failure></testcase><testcase classname="users.tests.test_views.TestUserViewSet" name="test_update_user_other_user_authenticated" time="8.712"><failure message="assert 200 == 403&#10; +  where 200 = &lt;Response status_code=200, &quot;application/json&quot;&gt;.status_code&#10; +  and   403 = status.HTTP_403_FORBIDDEN">self = &lt;test_views.TestUserViewSet object at 0x78ad902f1ff0&gt;
authenticated_client = &lt;rest_framework.test.APIClient object at 0x78ad90011030&gt;
create_another_user = &lt;User: another_view_user_test&gt;

    def test_update_user_other_user_authenticated(self, authenticated_client, create_another_user):
        """Test updating another user's profile as a non-admin authenticated user (should fail)."""
        updated_data = {"email": "hacked@example.com"}
        response = authenticated_client.patch(f'/api/v1/users/{create_another_user.id}/', format='json', data=updated_data)
&gt;       assert response.status_code == status.HTTP_403_FORBIDDEN # Assuming IsOwnerOrAdmin or similar permission
E       assert 200 == 403
E        +  where 200 = &lt;Response status_code=200, "application/json"&gt;.status_code
E        +  and   403 = status.HTTP_403_FORBIDDEN

users/tests/test_views.py:100: AssertionError</failure></testcase><testcase classname="users.tests.test_views.TestUserViewSet" name="test_retrieve_other_user_authenticated" time="8.012" /><testcase classname="users.tests.test_views.TestUserViewSet" name="test_update_user_admin" time="5.355" /><testcase classname="users.tests.test_views.TestUserViewSet" name="test_delete_user_admin" time="5.100" /><testcase classname="users.tests.test_views.TestUserViewSet" name="test_delete_user_other_user_authenticated" time="3.795" /></testsuite></testsuites>